<?xml version="1.0" encoding="UTF-8"?>
<!-- Generated by org.testng.reporters.JUnitReportReporter -->
<testsuite hostname="PARESH" name="com.markelcorp.moltest.NewTest" tests="1" failures="0" timestamp="14 Jun 2016 18:43:36 GMT" time="0.474" errors="0">
  <testcase name="f" time="0.474" classname="com.markelcorp.moltest.NewTest"/>
</testsuite> <!-- com.markelcorp.moltest.NewTest -->
